2017-02-28 22:45:46,483 0    [main] INFO  org.hibernate.annotations.common.Version  - HCANN000001: Hibernate Commons Annotations {4.0.5.Final}
2017-02-28 22:45:46,483 0    [main] INFO  org.hibernate.Version  - HHH000412: Hibernate Core {4.3.11.Final}
2017-02-28 22:45:46,499 16   [main] INFO  org.hibernate.cfg.Environment  - HHH000206: hibernate.properties not found
2017-02-28 22:45:46,499 16   [main] INFO  org.hibernate.cfg.Environment  - HHH000021: Bytecode provider name : javassist
2017-02-28 22:45:46,515 32   [main] INFO  org.hibernate.cfg.Configuration  - HHH000043: Configuring from resource: /hibernate.cfg.xml
2017-02-28 22:45:46,515 32   [main] INFO  org.hibernate.cfg.Configuration  - HHH000040: Configuration resource: /hibernate.cfg.xml
2017-02-28 22:45:46,580 97   [main] INFO  org.hibernate.cfg.Configuration  - HHH000041: Configured SessionFactory: null
2017-02-28 22:45:46,631 148  [main] WARN  org.hibernate.engine.jdbc.connections.internal.DriverManagerConnectionProviderImpl  - HHH000402: Using Hibernate built-in connection pool (not for production use!)
2017-02-28 22:45:46,646 163  [main] INFO  org.hibernate.engine.jdbc.connections.internal.DriverManagerConnectionProviderImpl  - HHH000401: using driver [com.mysql.jdbc.Driver] at URL [jdbc:mysql://localhost:3306/splitwise]
2017-02-28 22:45:46,646 163  [main] INFO  org.hibernate.engine.jdbc.connections.internal.DriverManagerConnectionProviderImpl  - HHH000046: Connection properties: {user=root, password=****}
2017-02-28 22:45:46,646 163  [main] INFO  org.hibernate.engine.jdbc.connections.internal.DriverManagerConnectionProviderImpl  - HHH000006: Autocommit mode: false
2017-02-28 22:45:46,646 163  [main] INFO  org.hibernate.engine.jdbc.connections.internal.DriverManagerConnectionProviderImpl  - HHH000115: Hibernate connection pool size: 20 (min=1)
2017-02-28 22:45:46,931 448  [main] INFO  org.hibernate.dialect.Dialect  - HHH000400: Using dialect: org.hibernate.dialect.MySQL5Dialect
2017-02-28 22:45:47,063 580  [main] WARN  org.hibernate.mapping.RootClass  - HHH000038: Composite-id class does not override equals(): edu.matc.entity.Expenses
2017-02-28 22:45:47,063 580  [main] WARN  org.hibernate.mapping.RootClass  - HHH000039: Composite-id class does not override hashCode(): edu.matc.entity.Expenses
2017-02-28 22:45:47,063 580  [main] INFO  org.hibernate.engine.transaction.internal.TransactionFactoryInitiator  - HHH000399: Using default transaction strategy (direct JDBC transactions)
2017-02-28 22:45:47,063 580  [main] INFO  org.hibernate.hql.internal.ast.ASTQueryTranslatorFactory  - HHH000397: Using ASTQueryTranslatorFactory
2017-02-28 22:46:01,692 0    [main] INFO  org.hibernate.annotations.common.Version  - HCANN000001: Hibernate Commons Annotations {4.0.5.Final}
2017-02-28 22:46:01,692 0    [main] INFO  org.hibernate.Version  - HHH000412: Hibernate Core {4.3.11.Final}
2017-02-28 22:46:01,692 0    [main] INFO  org.hibernate.cfg.Environment  - HHH000206: hibernate.properties not found
2017-02-28 22:46:01,708 16   [main] INFO  org.hibernate.cfg.Environment  - HHH000021: Bytecode provider name : javassist
2017-02-28 22:46:01,724 32   [main] INFO  org.hibernate.cfg.Configuration  - HHH000043: Configuring from resource: /hibernate.cfg.xml
2017-02-28 22:46:01,724 32   [main] INFO  org.hibernate.cfg.Configuration  - HHH000040: Configuration resource: /hibernate.cfg.xml
2017-02-28 22:46:01,777 85   [main] INFO  org.hibernate.cfg.Configuration  - HHH000041: Configured SessionFactory: null
2017-02-28 22:46:01,856 164  [main] WARN  org.hibernate.engine.jdbc.connections.internal.DriverManagerConnectionProviderImpl  - HHH000402: Using Hibernate built-in connection pool (not for production use!)
2017-02-28 22:46:01,862 170  [main] INFO  org.hibernate.engine.jdbc.connections.internal.DriverManagerConnectionProviderImpl  - HHH000401: using driver [com.mysql.jdbc.Driver] at URL [jdbc:mysql://localhost:3306/splitwise]
2017-02-28 22:46:01,862 170  [main] INFO  org.hibernate.engine.jdbc.connections.internal.DriverManagerConnectionProviderImpl  - HHH000046: Connection properties: {user=root, password=****}
2017-02-28 22:46:01,862 170  [main] INFO  org.hibernate.engine.jdbc.connections.internal.DriverManagerConnectionProviderImpl  - HHH000006: Autocommit mode: false
2017-02-28 22:46:01,862 170  [main] INFO  org.hibernate.engine.jdbc.connections.internal.DriverManagerConnectionProviderImpl  - HHH000115: Hibernate connection pool size: 20 (min=1)
2017-02-28 22:46:02,300 608  [main] INFO  org.hibernate.dialect.Dialect  - HHH000400: Using dialect: org.hibernate.dialect.MySQL5Dialect
2017-02-28 22:46:02,422 730  [main] WARN  org.hibernate.mapping.RootClass  - HHH000038: Composite-id class does not override equals(): edu.matc.entity.Expenses
2017-02-28 22:46:02,422 730  [main] WARN  org.hibernate.mapping.RootClass  - HHH000039: Composite-id class does not override hashCode(): edu.matc.entity.Expenses
2017-02-28 22:46:02,438 746  [main] INFO  org.hibernate.engine.transaction.internal.TransactionFactoryInitiator  - HHH000399: Using default transaction strategy (direct JDBC transactions)
2017-02-28 22:46:02,438 746  [main] INFO  org.hibernate.hql.internal.ast.ASTQueryTranslatorFactory  - HHH000397: Using ASTQueryTranslatorFactory
2017-02-28 22:55:55,413 0    [main] INFO  org.hibernate.annotations.common.Version  - HCANN000001: Hibernate Commons Annotations {4.0.5.Final}
2017-02-28 22:55:55,429 16   [main] INFO  org.hibernate.Version  - HHH000412: Hibernate Core {4.3.11.Final}
2017-02-28 22:55:55,429 16   [main] INFO  org.hibernate.cfg.Environment  - HHH000206: hibernate.properties not found
2017-02-28 22:55:55,429 16   [main] INFO  org.hibernate.cfg.Environment  - HHH000021: Bytecode provider name : javassist
2017-02-28 22:55:55,445 32   [main] INFO  org.hibernate.cfg.Configuration  - HHH000043: Configuring from resource: /hibernate.cfg.xml
2017-02-28 22:55:55,445 32   [main] INFO  org.hibernate.cfg.Configuration  - HHH000040: Configuration resource: /hibernate.cfg.xml
2017-02-28 22:55:55,498 85   [main] INFO  org.hibernate.cfg.Configuration  - HHH000041: Configured SessionFactory: null
2017-02-28 22:55:55,582 169  [main] WARN  org.hibernate.engine.jdbc.connections.internal.DriverManagerConnectionProviderImpl  - HHH000402: Using Hibernate built-in connection pool (not for production use!)
2017-02-28 22:55:55,582 169  [main] INFO  org.hibernate.engine.jdbc.connections.internal.DriverManagerConnectionProviderImpl  - HHH000401: using driver [com.mysql.jdbc.Driver] at URL [jdbc:mysql://localhost:3306/splitwise]
2017-02-28 22:55:55,582 169  [main] INFO  org.hibernate.engine.jdbc.connections.internal.DriverManagerConnectionProviderImpl  - HHH000046: Connection properties: {user=root, password=****}
2017-02-28 22:55:55,582 169  [main] INFO  org.hibernate.engine.jdbc.connections.internal.DriverManagerConnectionProviderImpl  - HHH000006: Autocommit mode: false
2017-02-28 22:55:55,582 169  [main] INFO  org.hibernate.engine.jdbc.connections.internal.DriverManagerConnectionProviderImpl  - HHH000115: Hibernate connection pool size: 20 (min=1)
2017-02-28 22:55:55,930 517  [main] INFO  org.hibernate.dialect.Dialect  - HHH000400: Using dialect: org.hibernate.dialect.MySQL5Dialect
2017-02-28 22:55:56,084 671  [main] WARN  org.hibernate.mapping.RootClass  - HHH000038: Composite-id class does not override equals(): edu.matc.entity.Expenses
2017-02-28 22:55:56,084 671  [main] WARN  org.hibernate.mapping.RootClass  - HHH000039: Composite-id class does not override hashCode(): edu.matc.entity.Expenses
2017-02-28 22:55:56,100 687  [main] INFO  org.hibernate.engine.transaction.internal.TransactionFactoryInitiator  - HHH000399: Using default transaction strategy (direct JDBC transactions)
2017-02-28 22:55:56,100 687  [main] INFO  org.hibernate.hql.internal.ast.ASTQueryTranslatorFactory  - HHH000397: Using ASTQueryTranslatorFactory
